# JRE version: Java(TM) SE Runtime Environment (17.0.12+8) (build 17.0.12+8-LTS-286)
# Java VM: Java HotSpot(TM) 64-Bit Server VM (17.0.12+8-LTS-286, mixed mode, emulated-client, sharing, tiered, compressed oops, compressed class ptrs, g1 gc, windows-amd64)
GC Precious Log:
 CPUs: 16 total, 16 available
 Memory: 16052M
 Large Page Support: Disabled
 NUMA Support: Disabled
 Compressed Oops: Enabled (Zero based)
 Heap Region Size: 2M
 Heap Min Capacity: 8M
 Heap Initial Capacity: 252M
 Heap Max Capacity: 4014M
 Pre-touch: Disabled
 Parallel Workers: 13
 Concurrent Workers: 3
 Concurrent Refinement Workers: 13
 Periodic GC: Disabled
Heap:
 garbage-first heap   total 528384K, used 188194K [0x0000000705200000, 0x0000000800000000)
  region size 2048K, 3 young (6144K), 3 survivors (6144K)
 Metaspace       used 78746K, committed 79424K, reserved 1179648K
  class space    used 11452K, committed 11776K, reserved 1048576K
GC Heap History (20 events):
Event: 4542.377 GC heap after
{Heap after GC invocations=30 (full 0):
 garbage-first heap   total 264192K, used 75413K [0x0000000705200000, 0x0000000800000000)
  region size 2048K, 3 young (6144K), 3 survivors (6144K)
 Metaspace       used 78746K, committed 79424K, reserved 1179648K
  class space    used 11452K, committed 11776K, reserved 1048576K
}
Event: 4542.404 GC heap before
{Heap before GC invocations=30 (full 0):
 garbage-first heap   total 264192K, used 116373K [0x0000000705200000, 0x0000000800000000)
  region size 2048K, 6 young (12288K), 3 survivors (6144K)
 Metaspace       used 78746K, committed 79424K, reserved 1179648K
  class space    used 11452K, committed 11776K, reserved 1048576K
}
Event: 4542.416 GC heap after
{Heap after GC invocations=31 (full 0):
 garbage-first heap   total 264192K, used 86054K [0x0000000705200000, 0x0000000800000000)
  region size 2048K, 3 young (6144K), 3 survivors (6144K)
 Metaspace       used 78746K, committed 79424K, reserved 1179648K
  class space    used 11452K, committed 11776K, reserved 1048576K
}
Event: 4542.569 GC heap before
{Heap before GC invocations=31 (full 0):
 garbage-first heap   total 264192K, used 118822K [0x0000000705200000, 0x0000000800000000)
  region size 2048K, 4 young (8192K), 3 survivors (6144K)
 Metaspace       used 78746K, committed 79424K, reserved 1179648K
  class space    used 11452K, committed 11776K, reserved 1048576K
}
Event: 4542.571 GC heap after
{Heap after GC invocations=32 (full 0):
 garbage-first heap   total 264192K, used 42273K [0x0000000705200000, 0x0000000800000000)
  region size 2048K, 1 young (2048K), 1 survivors (2048K)
 Metaspace       used 78746K, committed 79424K, reserved 1179648K
  class space    used 11452K, committed 11776K, reserved 1048576K
}
Event: 4542.676 GC heap before
{Heap before GC invocations=32 (full 0):
 garbage-first heap   total 264192K, used 113953K [0x0000000705200000, 0x0000000800000000)
  region size 2048K, 7 young (14336K), 1 survivors (2048K)
 Metaspace       used 78746K, committed 79424K, reserved 1179648K
  class space    used 11452K, committed 11776K, reserved 1048576K
}
Event: 4542.682 GC heap after
{Heap after GC invocations=33 (full 0):
 garbage-first heap   total 264192K, used 83770K [0x0000000705200000, 0x0000000800000000)
  region size 2048K, 3 young (6144K), 3 survivors (6144K)
 Metaspace       used 78746K, committed 79424K, reserved 1179648K
  class space    used 11452K, committed 11776K, reserved 1048576K
}
Event: 4542.840 GC heap before
{Heap before GC invocations=33 (full 0):
 garbage-first heap   total 264192K, used 126778K [0x0000000705200000, 0x0000000800000000)
  region size 2048K, 6 young (12288K), 3 survivors (6144K)
 Metaspace       used 78746K, committed 79424K, reserved 1179648K
  class space    used 11452K, committed 11776K, reserved 1048576K
}
Event: 4542.845 GC heap after
{Heap after GC invocations=34 (full 0):
 garbage-first heap   total 528384K, used 52631K [0x0000000705200000, 0x0000000800000000)
  region size 2048K, 3 young (6144K), 3 survivors (6144K)
 Metaspace       used 78746K, committed 79424K, reserved 1179648K
  class space    used 11452K, committed 11776K, reserved 1048576K
}
Event: 4543.281 GC heap before
{Heap before GC invocations=34 (full 0):
 garbage-first heap   total 528384K, used 247191K [0x0000000705200000, 0x0000000800000000)
  region size 2048K, 14 young (28672K), 3 survivors (6144K)
 Metaspace       used 78746K, committed 79424K, reserved 1179648K
  class space    used 11452K, committed 11776K, reserved 1048576K
}
Event: 4543.287 GC heap after
{Heap after GC invocations=35 (full 0):
 garbage-first heap   total 528384K, used 130965K [0x0000000705200000, 0x0000000800000000)
  region size 2048K, 3 young (6144K), 3 survivors (6144K)
 Metaspace       used 78746K, committed 79424K, reserved 1179648K
  class space    used 11452K, committed 11776K, reserved 1048576K
}
Event: 4543.303 GC heap before
{Heap before GC invocations=35 (full 0):
 garbage-first heap   total 528384K, used 184213K [0x0000000705200000, 0x0000000800000000)
  region size 2048K, 3 young (6144K), 3 survivors (6144K)
 Metaspace       used 78746K, committed 79424K, reserved 1179648K
  class space    used 11452K, committed 11776K, reserved 1048576K
}
Event: 4543.312 GC heap after
{Heap after GC invocations=36 (full 0):
 garbage-first heap   total 528384K, used 155560K [0x0000000705200000, 0x0000000800000000)
  region size 2048K, 3 young (6144K), 3 survivors (6144K)
 Metaspace       used 78746K, committed 79424K, reserved 1179648K
  class space    used 11452K, committed 11776K, reserved 1048576K
}
Event: 4543.330 GC heap before
{Heap before GC invocations=36 (full 0):
 garbage-first heap   total 528384K, used 223144K [0x0000000705200000, 0x0000000800000000)
  region size 2048K, 3 young (6144K), 3 survivors (6144K)
 Metaspace       used 78746K, committed 79424K, reserved 1179648K
  class space    used 11452K, committed 11776K, reserved 1048576K
}
Event: 4543.338 GC heap after
{Heap after GC invocations=37 (full 0):
 garbage-first heap   total 528384K, used 188223K [0x0000000705200000, 0x0000000800000000)
  region size 2048K, 3 young (6144K), 3 survivors (6144K)
 Metaspace       used 78746K, committed 79424K, reserved 1179648K
  class space    used 11452K, committed 11776K, reserved 1048576K
}
Event: 4543.680 GC heap before
{Heap before GC invocations=37 (full 0):
 garbage-first heap   total 528384K, used 225087K [0x0000000705200000, 0x0000000800000000)
  region size 2048K, 4 young (8192K), 3 survivors (6144K)
 Metaspace       used 78746K, committed 79424K, reserved 1179648K
  class space    used 11452K, committed 11776K, reserved 1048576K
}
Event: 4543.681 GC heap after
{Heap after GC invocations=38 (full 0):
 garbage-first heap   total 528384K, used 79516K [0x0000000705200000, 0x0000000800000000)
  region size 2048K, 1 young (2048K), 1 survivors (2048K)
 Metaspace       used 78746K, committed 79424K, reserved 1179648K
  class space    used 11452K, committed 11776K, reserved 1048576K
}
Event: 4543.748 GC heap before
{Heap before GC invocations=38 (full 0):
 garbage-first heap   total 528384K, used 233116K [0x0000000705200000, 0x0000000800000000)
  region size 2048K, 4 young (8192K), 1 survivors (2048K)
 Metaspace       used 78746K, committed 79424K, reserved 1179648K
  class space    used 11452K, committed 11776K, reserved 1048576K
}
Event: 4543.753 GC heap after
{Heap after GC invocations=39 (full 0):
 garbage-first heap   total 528384K, used 155368K [0x0000000705200000, 0x0000000800000000)
  region size 2048K, 3 young (6144K), 3 survivors (6144K)
 Metaspace       used 78746K, committed 79424K, reserved 1179648K
  class space    used 11452K, committed 11776K, reserved 1048576K
}
Event: 4543.781 GC heap before
{Heap before GC invocations=39 (full 0):
 garbage-first heap   total 528384K, used 222952K [0x0000000705200000, 0x0000000800000000)
  region size 2048K, 3 young (6144K), 3 survivors (6144K)
 Metaspace       used 78746K, committed 79424K, reserved 1179648K
  class space    used 11452K, committed 11776K, reserved 1048576K
}

